app/build/intermediates/manifest_merge_blame_file/debug/manifest-merger-blame-debug-report.txt
1<?xml version="1.0" encoding="utf-8"?>
2<manifest xmlns:android="http://schemas.android.com/apk/res/android"
3    package="com.example.inspirationboard"
4    android:versionCode="1"
5    android:versionName="1.0" >
6
7    <uses-sdk
8        android:minSdkVersion="15"
8-->src\main\AndroidManifest.xml
9        android:targetSdkVersion="29" />
9-->src\main\AndroidManifest.xml
10
11    <uses-permission android:name="android.permission.WRITE_EXTERNAL_STORAGE" />
11-->src\main\AndroidManifest.xml:6:5-80
11-->src\main\AndroidManifest.xml:6:22-78
12
13    <application
13-->src\main\AndroidManifest.xml:8:5-34:19
14        android:allowBackup="true"
14-->src\main\AndroidManifest.xml:9:9-35
15        android:appComponentFactory="androidx.core.app.CoreComponentFactory"
15-->[androidx.core:core:1.0.1] AndroidManifest.xml:22:18-86
16        android:debuggable="true"
17        android:icon="@drawable/icons8_cat_butt_96"
17-->src\main\AndroidManifest.xml:10:9-52
18        android:label="@string/app_name"
18-->src\main\AndroidManifest.xml:11:9-41
19        android:roundIcon="@drawable/icons8_cat_butt_96"
19-->src\main\AndroidManifest.xml:12:9-57
20        android:supportsRtl="true"
20-->src\main\AndroidManifest.xml:13:9-35
21        android:testOnly="true"
22        android:theme="@style/AppTheme" >
22-->src\main\AndroidManifest.xml:14:9-40
23        <activity android:name="com.example.PetBoard.MainActivity" >
23-->src\main\AndroidManifest.xml:15:9-21:20
23-->src\main\AndroidManifest.xml:15:19-67
24            <intent-filter>
24-->src\main\AndroidManifest.xml:16:13-20:29
25                <action android:name="android.intent.action.MAIN" />
25-->src\main\AndroidManifest.xml:17:17-69
25-->src\main\AndroidManifest.xml:17:25-66
26
27                <category android:name="android.intent.category.LAUNCHER" />
27-->src\main\AndroidManifest.xml:19:17-77
27-->src\main\AndroidManifest.xml:19:27-74
28            </intent-filter>
29        </activity>
30
31        <provider
31-->src\main\AndroidManifest.xml:23:9-33:20
32            android:name="androidx.core.content.FileProvider"
32-->src\main\AndroidManifest.xml:24:13-62
33            android:authorities="com.example.PetBoard.fileprovider"
33-->src\main\AndroidManifest.xml:25:13-68
34            android:exported="false"
34-->src\main\AndroidManifest.xml:26:13-37
35            android:grantUriPermissions="true" >
35-->src\main\AndroidManifest.xml:27:13-47
36            <meta-data
36-->src\main\AndroidManifest.xml:29:13-32:51
37                android:name="android.support.FILE_PROVIDER_PATHS"
37-->src\main\AndroidManifest.xml:30:17-67
38                android:resource="@xml/filepaths" />
38-->src\main\AndroidManifest.xml:31:17-50
39        </provider>
40        <provider
40-->[com.squareup.picasso:picasso:2.71828] AndroidManifest.xml:8:9-11:40
41            android:name="com.squareup.picasso.PicassoProvider"
41-->[com.squareup.picasso:picasso:2.71828] AndroidManifest.xml:9:13-64
42            android:authorities="com.example.inspirationboard.com.squareup.picasso"
42-->[com.squareup.picasso:picasso:2.71828] AndroidManifest.xml:10:13-72
43            android:exported="false" />
43-->[com.squareup.picasso:picasso:2.71828] AndroidManifest.xml:11:13-37
44
45        <service
45-->[androidx.room:room-runtime:2.2.1] AndroidManifest.xml:25:9-27:40
46            android:name="androidx.room.MultiInstanceInvalidationService"
46-->[androidx.room:room-runtime:2.2.1] AndroidManifest.xml:26:13-74
47            android:exported="false" />
47-->[androidx.room:room-runtime:2.2.1] AndroidManifest.xml:27:13-37
48
49        <provider
49-->[androidx.lifecycle:lifecycle-process:2.1.0] AndroidManifest.xml:23:9-27:43
50            android:name="androidx.lifecycle.ProcessLifecycleOwnerInitializer"
50-->[androidx.lifecycle:lifecycle-process:2.1.0] AndroidManifest.xml:24:13-79
51            android:authorities="com.example.inspirationboard.lifecycle-process"
51-->[androidx.lifecycle:lifecycle-process:2.1.0] AndroidManifest.xml:25:13-69
52            android:exported="false"
52-->[androidx.lifecycle:lifecycle-process:2.1.0] AndroidManifest.xml:26:13-37
53            android:multiprocess="true" />
53-->[androidx.lifecycle:lifecycle-process:2.1.0] AndroidManifest.xml:27:13-40
54    </application>
55
56</manifest>